<?xml version="1.0" encoding="UTF-8"?>
<testng-results skipped="0" failed="0" total="8" passed="8">
  <reporter-output>
  </reporter-output>
  <suite name="Yahoo" duration-ms="155" started-at="2016-08-13T01:49:25Z" finished-at="2016-08-13T01:49:25Z">
    <groups>
    </groups>
    <test name="Yahoo Mail Test" duration-ms="16" started-at="2016-08-13T01:49:25Z" finished-at="2016-08-13T01:49:25Z">
      <class name="test.YahooTest">
        <test-method status="PASS" signature="openConnection()[pri:0, instance:test.YahooTest@6108b2d7]" name="openConnection" is-config="true" duration-ms="1" started-at="2016-08-13T07:19:25Z" finished-at="2016-08-13T07:19:25Z">
          <reporter-output>
          </reporter-output>
        </test-method> <!-- openConnection -->
        <test-method status="PASS" signature="openBrowser()[pri:0, instance:test.YahooTest@6108b2d7]" name="openBrowser" is-config="true" duration-ms="1" started-at="2016-08-13T07:19:25Z" finished-at="2016-08-13T07:19:25Z">
          <reporter-output>
          </reporter-output>
        </test-method> <!-- openBrowser -->
        <test-method status="PASS" signature="testReceiveMail()[pri:0, instance:test.YahooTest@6108b2d7]" name="testReceiveMail" duration-ms="0" started-at="2016-08-13T07:19:25Z" finished-at="2016-08-13T07:19:25Z">
          <reporter-output>
          </reporter-output>
        </test-method> <!-- testReceiveMail -->
        <test-method status="PASS" signature="closeBrowser()[pri:0, instance:test.YahooTest@6108b2d7]" name="closeBrowser" is-config="true" duration-ms="0" started-at="2016-08-13T07:19:25Z" finished-at="2016-08-13T07:19:25Z">
          <reporter-output>
          </reporter-output>
        </test-method> <!-- closeBrowser -->
        <test-method status="PASS" signature="openBrowser()[pri:0, instance:test.YahooTest@6108b2d7]" name="openBrowser" is-config="true" duration-ms="1" started-at="2016-08-13T07:19:25Z" finished-at="2016-08-13T07:19:25Z">
          <reporter-output>
          </reporter-output>
        </test-method> <!-- openBrowser -->
        <test-method status="PASS" signature="closeBrowser()[pri:0, instance:test.YahooTest@6108b2d7]" name="closeBrowser" is-config="true" duration-ms="0" started-at="2016-08-13T07:19:25Z" finished-at="2016-08-13T07:19:25Z">
          <reporter-output>
          </reporter-output>
        </test-method> <!-- closeBrowser -->
        <test-method status="PASS" signature="testSendMail()[pri:0, instance:test.YahooTest@6108b2d7]" name="testSendMail" duration-ms="0" started-at="2016-08-13T07:19:25Z" finished-at="2016-08-13T07:19:25Z">
          <reporter-output>
          </reporter-output>
        </test-method> <!-- testSendMail -->
        <test-method status="PASS" signature="closeConnection()[pri:0, instance:test.YahooTest@6108b2d7]" name="closeConnection" is-config="true" duration-ms="0" started-at="2016-08-13T07:19:25Z" finished-at="2016-08-13T07:19:25Z">
          <reporter-output>
          </reporter-output>
        </test-method> <!-- closeConnection -->
      </class> <!-- test.YahooTest -->
    </test> <!-- Yahoo Mail Test -->
    <test name="Yahoo News Test" duration-ms="11" started-at="2016-08-13T01:49:25Z" finished-at="2016-08-13T01:49:25Z">
      <class name="test.YahooNewsTest">
        <test-method status="PASS" signature="xyz()[pri:0, instance:test.YahooNewsTest@5f2050f6]" name="xyz" is-config="true" duration-ms="1" started-at="2016-08-13T07:19:25Z" finished-at="2016-08-13T07:19:25Z">
          <reporter-output>
          </reporter-output>
        </test-method> <!-- xyz -->
        <test-method status="PASS" signature="testNews()[pri:0, instance:test.YahooNewsTest@5f2050f6]" name="testNews" duration-ms="6" started-at="2016-08-13T07:19:25Z" finished-at="2016-08-13T07:19:25Z">
          <reporter-output>
          </reporter-output>
        </test-method> <!-- testNews -->
      </class> <!-- test.YahooNewsTest -->
    </test> <!-- Yahoo News Test -->
    <test name="Yahoo Registration Test" duration-ms="6" started-at="2016-08-13T01:49:25Z" finished-at="2016-08-13T01:49:25Z">
      <class name="test.YahooRegistrationTest">
        <test-method status="PASS" signature="testRegister(java.lang.String, java.lang.String, java.lang.String, java.lang.String)[pri:0, instance:test.YahooRegistrationTest@1324409e]" name="testRegister" duration-ms="0" started-at="2016-08-13T07:19:25Z" data-provider="registerData" finished-at="2016-08-13T07:19:25Z">
          <params>
            <param index="0">
              <value>
                <![CDATA[user1]]>
              </value>
            </param>
            <param index="1">
              <value>
                <![CDATA[pass1]]>
              </value>
            </param>
            <param index="2">
              <value>
                <![CDATA[email1]]>
              </value>
            </param>
            <param index="3">
              <value>
                <![CDATA[city1]]>
              </value>
            </param>
          </params>
          <reporter-output>
          </reporter-output>
        </test-method> <!-- testRegister -->
        <test-method status="PASS" signature="testRegister(java.lang.String, java.lang.String, java.lang.String, java.lang.String)[pri:0, instance:test.YahooRegistrationTest@1324409e]" name="testRegister" duration-ms="1" started-at="2016-08-13T07:19:25Z" data-provider="registerData" finished-at="2016-08-13T07:19:25Z">
          <params>
            <param index="0">
              <value>
                <![CDATA[user2]]>
              </value>
            </param>
            <param index="1">
              <value>
                <![CDATA[pass2]]>
              </value>
            </param>
            <param index="2">
              <value>
                <![CDATA[email2]]>
              </value>
            </param>
            <param index="3">
              <value>
                <![CDATA[city2]]>
              </value>
            </param>
          </params>
          <reporter-output>
          </reporter-output>
        </test-method> <!-- testRegister -->
        <test-method status="PASS" signature="testRegister(java.lang.String, java.lang.String, java.lang.String, java.lang.String)[pri:0, instance:test.YahooRegistrationTest@1324409e]" name="testRegister" duration-ms="0" started-at="2016-08-13T07:19:25Z" data-provider="registerData" finished-at="2016-08-13T07:19:25Z">
          <params>
            <param index="0">
              <value>
                <![CDATA[user3]]>
              </value>
            </param>
            <param index="1">
              <value>
                <![CDATA[pass3]]>
              </value>
            </param>
            <param index="2">
              <value>
                <![CDATA[email3]]>
              </value>
            </param>
            <param index="3">
              <value>
                <![CDATA[city3]]>
              </value>
            </param>
          </params>
          <reporter-output>
          </reporter-output>
        </test-method> <!-- testRegister -->
      </class> <!-- test.YahooRegistrationTest -->
    </test> <!-- Yahoo Registration Test -->
    <test name="Custom Listener Test" duration-ms="1" started-at="2016-08-13T01:49:25Z" finished-at="2016-08-13T01:49:25Z">
      <class name="test.YahooTest">
        <test-method status="PASS" signature="initializeSelenium()[pri:0, instance:test.YahooTest@6108b2d7]" name="initializeSelenium" is-config="true" duration-ms="8" started-at="2016-08-13T07:19:25Z" finished-at="2016-08-13T07:19:25Z">
          <reporter-output>
          </reporter-output>
        </test-method> <!-- initializeSelenium -->
        <test-method status="PASS" signature="shutDownSelenium()[pri:0, instance:test.YahooTest@6108b2d7]" name="shutDownSelenium" is-config="true" duration-ms="0" started-at="2016-08-13T07:19:25Z" finished-at="2016-08-13T07:19:25Z">
          <reporter-output>
          </reporter-output>
        </test-method> <!-- shutDownSelenium -->
      </class> <!-- test.YahooTest -->
      <class name="testng_listeners.LoginTest">
        <test-method status="FAIL" signature="login()[pri:1, instance:testng_listeners.LoginTest@1e67b872]" name="login" duration-ms="0" started-at="2016-08-13T07:19:25Z" finished-at="2016-08-13T07:19:25Z">
          <exception class="java.lang.AssertionError">
            <message>
              <![CDATA[expected [B] but found [A]]]>
            </message>
            <full-stacktrace>
              <![CDATA[java.lang.AssertionError: expected [B] but found [A]
	at org.testng.Assert.fail(Assert.java:94)
	at org.testng.Assert.failNotEquals(Assert.java:496)
	at org.testng.Assert.assertEquals(Assert.java:125)
	at org.testng.Assert.assertEquals(Assert.java:178)
	at org.testng.Assert.assertEquals(Assert.java:188)
	at testng_listeners.LoginTest.login(LoginTest.java:15)
	at sun.reflect.NativeMethodAccessorImpl.invoke0(Native Method)
	at sun.reflect.NativeMethodAccessorImpl.invoke(NativeMethodAccessorImpl.java:62)
	at sun.reflect.DelegatingMethodAccessorImpl.invoke(DelegatingMethodAccessorImpl.java:43)
	at java.lang.reflect.Method.invoke(Method.java:497)
	at org.testng.internal.MethodInvocationHelper.invokeMethod(MethodInvocationHelper.java:85)
	at org.testng.internal.Invoker.invokeMethod(Invoker.java:639)
	at org.testng.internal.Invoker.invokeTestMethod(Invoker.java:816)
	at org.testng.internal.Invoker.invokeTestMethods(Invoker.java:1124)
	at org.testng.internal.TestMethodWorker.invokeTestMethods(TestMethodWorker.java:125)
	at org.testng.internal.TestMethodWorker.run(TestMethodWorker.java:108)
	at org.testng.TestRunner.privateRun(TestRunner.java:774)
	at org.testng.TestRunner.run(TestRunner.java:624)
	at org.testng.SuiteRunner.runTest(SuiteRunner.java:359)
	at org.testng.SuiteRunner.runSequentially(SuiteRunner.java:354)
	at org.testng.SuiteRunner.privateRun(SuiteRunner.java:312)
	at org.testng.SuiteRunner.run(SuiteRunner.java:261)
	at org.testng.SuiteRunnerWorker.runSuite(SuiteRunnerWorker.java:52)
	at org.testng.SuiteRunnerWorker.run(SuiteRunnerWorker.java:86)
	at org.testng.TestNG.runSuitesSequentially(TestNG.java:1215)
	at org.testng.TestNG.runSuitesLocally(TestNG.java:1140)
	at org.testng.TestNG.run(TestNG.java:1048)
	at org.testng.TestNG.privateMain(TestNG.java:1355)
	at org.testng.TestNG.main(TestNG.java:1324)
]]>
            </full-stacktrace>
          </exception> <!-- java.lang.AssertionError -->
          <reporter-output>
          </reporter-output>
        </test-method> <!-- login -->
        <test-method status="PASS" signature="AdminLogin()[pri:2, instance:testng_listeners.LoginTest@1e67b872]" name="AdminLogin" duration-ms="0" started-at="2016-08-13T07:19:25Z" finished-at="2016-08-13T07:19:25Z">
          <reporter-output>
          </reporter-output>
        </test-method> <!-- AdminLogin -->
      </class> <!-- testng_listeners.LoginTest -->
    </test> <!-- Custom Listener Test -->
  </suite> <!-- Yahoo -->
</testng-results>
